<?xml version="1.0" encoding="UTF-8"?>
<!-- Generated by org.testng.reporters.JUnitReportReporter -->
<testsuite hostname="MONO-HYD-LAP-12" name="practice.WriteExcelFileIFCell_Is_Null_Method2" tests="1" failures="0" timestamp="21 Aug 2019 17:53:24 GMT" time="29.448" errors="0">
  <testcase name="f2" time="29.448" classname="practice.WriteExcelFileIFCell_Is_Null_Method2"/>
</testsuite> <!-- practice.WriteExcelFileIFCell_Is_Null_Method2 -->
