<?xml version="1.0" encoding="UTF-8"?>
<!-- Generated by org.testng.reporters.JUnitReportReporter -->
<testsuite hostname="MONO-HYD-LAP-12" name="practice.WriteDataInExcel2" tests="1" failures="0" timestamp="21 Aug 2019 15:17:29 GMT" time="64.482" errors="0">
  <testcase name="f" time="64.482" classname="practice.WriteDataInExcel2"/>
</testsuite> <!-- practice.WriteDataInExcel2 -->
