<?xml version="1.0" encoding="UTF-8"?>
<!-- Generated by org.testng.reporters.JUnitReportReporter -->
<testsuite hostname="MONO-HYD-LAP-12" name="practice.WriteDataInExcel" tests="1" failures="0" timestamp="21 Aug 2019 16:35:28 GMT" time="24.697" errors="0">
  <testcase name="f2" time="24.697" classname="practice.WriteDataInExcel"/>
</testsuite> <!-- practice.WriteDataInExcel -->
