<?xml version="1.0" encoding="UTF-8"?>
<!-- Generated by org.testng.reporters.JUnitReportReporter -->
<testsuite hostname="MONO-HYD-LAP-12" name="practice.MultipleLoginSet1" tests="1" failures="0" timestamp="6 Nov 2019 14:20:01 GMT" time="114.623" errors="0">
  <testcase name="f" time="114.623" classname="practice.MultipleLoginSet1"/>
</testsuite> <!-- practice.MultipleLoginSet1 -->
