<?xml version="1.0" encoding="UTF-8"?>
<!-- Generated by org.testng.reporters.JUnitReportReporter -->
<testsuite hostname="MONO-HYD-LAP-12" name="practice.WriteExcelFileIFCell_Is_Null_Method1" tests="1" failures="0" timestamp="21 Aug 2019 17:49:48 GMT" time="87.093" errors="0">
  <testcase name="f1" time="87.093" classname="practice.WriteExcelFileIFCell_Is_Null_Method1"/>
</testsuite> <!-- practice.WriteExcelFileIFCell_Is_Null_Method1 -->
