<?xml version="1.0" encoding="UTF-8"?>
<!-- Generated by org.testng.reporters.JUnitReportReporter -->
<testsuite hostname="MONO-HYD-LAP-12" name="practice.MultipleLoginSet2" tests="1" failures="0" timestamp="6 Nov 2019 14:34:58 GMT" time="490.979" errors="0">
  <testcase name="f" time="490.979" classname="practice.MultipleLoginSet2"/>
</testsuite> <!-- practice.MultipleLoginSet2 -->
