<?xml version="1.0" encoding="UTF-8"?>
<!-- Generated by org.testng.reporters.JUnitReportReporter -->
<testsuite hostname="MONO-HYD-LAP-12" name="guru99.ReadExcelFile" tests="1" failures="0" timestamp="21 Aug 2019 06:18:35 GMT" time="0.543" errors="0">
  <testcase name="f" time="0.543" classname="guru99.ReadExcelFile"/>
</testsuite> <!-- guru99.ReadExcelFile -->
