<?xml version="1.0" encoding="UTF-8"?>
<!-- Generated by org.testng.reporters.JUnitReportReporter -->
<testsuite hostname="MONO-HYD-LAP-12" name="guru99.WriteDataInExcelFile" tests="1" failures="0" timestamp="21 Aug 2019 06:43:09 GMT" time="0.616" errors="0">
  <testcase name="f" time="0.616" classname="guru99.WriteDataInExcelFile"/>
</testsuite> <!-- guru99.WriteDataInExcelFile -->
