<?xml version="1.0" encoding="UTF-8"?>
<!-- Generated by org.testng.reporters.JUnitReportReporter -->
<testsuite hostname="MONO-HYD-LAP-12" name="loginWithMultipleTestDataWithMultipleRow.ReadMultipleTestDataFromExcelAndLogin_Method1" tests="1" failures="0" timestamp="19 Aug 2019 16:31:26 GMT" time="42.611" errors="0">
  <testcase name="f2" time="42.611" classname="loginWithMultipleTestDataWithMultipleRow.ReadMultipleTestDataFromExcelAndLogin_Method1"/>
</testsuite> <!-- loginWithMultipleTestDataWithMultipleRow.ReadMultipleTestDataFromExcelAndLogin_Method1 -->
