<?xml version="1.0" encoding="UTF-8"?>
<!-- Generated by org.testng.reporters.JUnitReportReporter -->
<testsuite hostname="LAPTOP-D0CIFDTL" failures="0" tests="3" name="mukeshOtwani.ReadDataFromExcel" time="0.393" errors="0" timestamp="2022-10-22T18:33:08 IST" skipped="2">
  <testcase classname="mukeshOtwani.ReadDataFromExcel" name="readExcelData3" time="0.393"/>
  <system-out/>
  <testcase classname="mukeshOtwani.ReadDataFromExcel" name="readExcelData2">
    <skipped/>
  </testcase> <!-- readExcelData2 -->
  <system-out/>
  <testcase classname="mukeshOtwani.ReadDataFromExcel" name="readExcelData">
    <skipped/>
  </testcase> <!-- readExcelData -->
  <system-out/>
</testsuite> <!-- mukeshOtwani.ReadDataFromExcel -->
