<?xml version="1.0" encoding="UTF-8"?>
<!-- Generated by org.testng.reporters.JUnitReportReporter -->
<testsuite hostname="MONO-HYD-LAP-12" name="loginWithMultipleTestDataWithMultipleRow.ReadAndWriteMultipleLogin" tests="1" failures="0" timestamp="21 Aug 2019 10:36:24 GMT" time="23.507" errors="0">
  <testcase name="f1" time="23.507" classname="loginWithMultipleTestDataWithMultipleRow.ReadAndWriteMultipleLogin"/>
</testsuite> <!-- loginWithMultipleTestDataWithMultipleRow.ReadAndWriteMultipleLogin -->
