<?xml version="1.0" encoding="UTF-8"?>
<!-- Generated by org.testng.reporters.JUnitReportReporter -->
<testsuite hostname="MONO-HYD-LAP-12" name="mukeshOtwani.ReadDataFromExcel1" tests="1" failures="0" timestamp="18 Aug 2019 12:07:42 GMT" time="0.547" errors="0">
  <testcase name="f" time="0.547" classname="mukeshOtwani.ReadDataFromExcel1"/>
</testsuite> <!-- mukeshOtwani.ReadDataFromExcel1 -->
