<?xml version="1.0" encoding="UTF-8"?>
<!-- Generated by org.testng.reporters.JUnitReportReporter -->
<testsuite hostname="MONO-HYD-LAP-12" name="practice.MultipleLoginSet3" tests="1" failures="0" timestamp="6 Nov 2019 18:12:54 GMT" time="135.451" errors="0">
  <testcase name="f" time="135.451" classname="practice.MultipleLoginSet3"/>
</testsuite> <!-- practice.MultipleLoginSet3 -->
