<?xml version="1.0" encoding="UTF-8"?>
<!-- Generated by org.testng.reporters.JUnitReportReporter -->
<testsuite hostname="MONO-HYD-LAP-12" name="loginWithMultipleTestDataWithMultipleRow.ReadAndWriteMultipleLogin2" tests="1" failures="0" timestamp="21 Aug 2019 13:04:00 GMT" time="90.680" errors="0">
  <testcase name="f1" time="90.680" classname="loginWithMultipleTestDataWithMultipleRow.ReadAndWriteMultipleLogin2"/>
</testsuite> <!-- loginWithMultipleTestDataWithMultipleRow.ReadAndWriteMultipleLogin2 -->
