<?xml version="1.0" encoding="UTF-8"?>
<!-- Generated by org.testng.reporters.JUnitReportReporter -->
<testsuite hostname="MONO-HYD-LAP-12" name="loginWithMultipleTestDataWithMultipleRow.Example1" tests="1" failures="0" timestamp="19 Aug 2019 16:05:39 GMT" time="62.806" errors="0">
  <testcase name="f1" time="62.806" classname="loginWithMultipleTestDataWithMultipleRow.Example1"/>
</testsuite> <!-- loginWithMultipleTestDataWithMultipleRow.Example1 -->
