<?xml version="1.0" encoding="UTF-8"?>
<!-- Generated by org.testng.reporters.JUnitReportReporter -->
<testsuite hostname="MONO-HYD-LAP-12" name="ReadAndWriteMultipleLoginMethod1.ReadAndWriteExcelMultipleLogin_Method2" tests="1" failures="0" timestamp="6 Nov 2019 18:57:25 GMT" time="0.636" errors="0">
  <testcase name="f" time="0.636" classname="ReadAndWriteMultipleLoginMethod1.ReadAndWriteExcelMultipleLogin_Method2"/>
</testsuite> <!-- ReadAndWriteMultipleLoginMethod1.ReadAndWriteExcelMultipleLogin_Method2 -->
