<?xml version="1.0" encoding="UTF-8"?>
<!-- Generated by org.testng.reporters.JUnitReportReporter -->
<testsuite hostname="MONO-HYD-LAP-12" name="mukeshOtwani.WriteDataInExcel" tests="1" failures="0" timestamp="21 Aug 2019 12:46:34 GMT" time="0.623" errors="0">
  <testcase name="f" time="0.623" classname="mukeshOtwani.WriteDataInExcel"/>
</testsuite> <!-- mukeshOtwani.WriteDataInExcel -->
